0 info it worked if it ends with ok
1 verbose cli [ 'node',
1 verbose cli   '/usr/local/bin/npm',
1 verbose cli   'dist-tag',
1 verbose cli   'add',
1 verbose cli   'directory@0.1.0',
1 verbose cli   'beta' ]
2 info using npm@2.11.2
3 info using node@v0.10.25
4 verbose node symlink /usr/bin/node
5 verbose dist-tag add beta to directory@0.1.0
6 silly mapToRegistry name directory
7 silly mapToRegistry using default registry
8 silly mapToRegistry registry http://localhost:15443/
9 silly mapToRegistry uri http://localhost:15443/directory
10 verbose request uri http://localhost:15443/-/package/directory/dist-tags
11 verbose request no auth needed
12 info attempt registry request try #1 at 17:43:23
13 verbose request id 2e6293f252f1e422
14 http request GET http://localhost:15443/-/package/directory/dist-tags
15 http 404 http://localhost:15443/-/package/directory/dist-tags
16 verbose headers { 'content-type': 'application/json',
16 verbose headers   date: 'Tue, 16 Jun 2015 22:13:23 GMT',
16 verbose headers   connection: 'keep-alive',
16 verbose headers   'transfer-encoding': 'chunked' }
17 verbose stack Error: missing : -/package/directory/dist-tags
17 verbose stack     at CachingRegistryClient.<anonymous> (/usr/local/lib/node_modules/npm/node_modules/npm-registry-client/lib/request.js:247:14)
17 verbose stack     at Request._callback (/usr/local/lib/node_modules/npm/node_modules/npm-registry-client/lib/request.js:170:14)
17 verbose stack     at Request.self.callback (/usr/local/lib/node_modules/npm/node_modules/request/request.js:354:22)
17 verbose stack     at Request.EventEmitter.emit (events.js:98:17)
17 verbose stack     at Request.<anonymous> (/usr/local/lib/node_modules/npm/node_modules/request/request.js:1207:14)
17 verbose stack     at Request.EventEmitter.emit (events.js:117:20)
17 verbose stack     at IncomingMessage.<anonymous> (/usr/local/lib/node_modules/npm/node_modules/request/request.js:1153:12)
17 verbose stack     at IncomingMessage.EventEmitter.emit (events.js:117:20)
17 verbose stack     at _stream_readable.js:920:16
17 verbose stack     at process._tickCallback (node.js:415:13)
18 verbose statusCode 404
19 verbose cwd /home/jose/gittable/NodeSchoolTutorials/05-npm-tut/directory
20 error Linux 3.13.0-54-generic
21 error argv "node" "/usr/local/bin/npm" "dist-tag" "add" "directory@0.1.0" "beta"
22 error node v0.10.25
23 error npm  v2.11.2
24 error code E404
25 error 404 missing : -/package/directory/dist-tags
26 verbose exit [ 1, true ]
